# JRE version: Java(TM) SE Runtime Environment (25.0.1+8) (build 25.0.1+8-LTS-27)
# Java VM: Java HotSpot(TM) 64-Bit Server VM (25.0.1+8-LTS-27, mixed mode, sharing, tiered, compressed oops, compressed class ptrs, parallel gc, windows-amd64)
GC Precious Log:
 CardTable entry size: 512
 CPUs: 4 total, 4 available
 Memory: 3992M
 Large Page Support: Disabled
 NUMA Support: Disabled
 Compressed Oops: Enabled (32-bit)
 Alignments: Space 512K, Generation 512K, Heap 2M
 Heap Min Capacity: 100M
 Heap Initial Capacity: 100M
 Heap Max Capacity: 2G
 Pre-touch: Disabled
 Parallel Workers: 4
Heap:
 PSYoungGen      total 28672K, used 28581K [0x00000000d5580000, 0x00000000d7680000, 0x0000000100000000)
  eden space 25600K, 100% used [0x00000000d5580000,0x00000000d6e80000,0x00000000d6e80000)
  from space 3072K, 97% used [0x00000000d7380000,0x00000000d76696b8,0x00000000d7680000)
  to   space 4096K, 94% used [0x00000000d6e80000,0x00000000d724bc00,0x00000000d7280000)
 ParOldGen       total 144896K, used 144892K [0x0000000080000000, 0x0000000088d80000, 0x00000000d5580000)
  object space 144896K, 99% used [0x0000000080000000,0x0000000088d7f188,0x0000000088d80000)
GC Heap Usage History (20 events):
Event: 176.735 {heap Before GC invocations=52 (full 3):
 PSYoungGen      total 30720K, used 28625K [0x00000000d5580000, 0x00000000d7680000, 0x0000000100000000)
  eden space 26112K, 100% used [0x00000000d5580000,0x00000000d6f00000,0x00000000d6f00000)
  from space 4608K, 54% used [0x00000000d7200000,0x00000000d7474528,0x00000000d7680000)
  to   space 3072K, 0% used [0x00000000d6f00000,0x00000000d6f00000,0x00000000d7200000)
 ParOldGen       total 114688K, used 114282K [0x0000000080000000, 0x0000000087000000, 0x00000000d5580Event: 176.765 {heap After GC invocations=52 (full 3):
 PSYoungGen      total 29184K, used 2982K [0x00000000d5580000, 0x00000000d7680000, 0x0000000100000000)
  eden space 26112K, 0% used [0x00000000d5580000,0x00000000d5580000,0x00000000d6f00000)
  from space 3072K, 97% used [0x00000000d6f00000,0x00000000d71e99b8,0x00000000d7200000)
  to   space 3584K, 0% used [0x00000000d7300000,0x00000000d7300000,0x00000000d7680000)
 ParOldGen       total 116736K, used 116662K [0x0000000080000000, 0x0000000087200000, 0x00000000d5580000)Event: 177.315 {heap Before GC invocations=53 (full 3):
 PSYoungGen      total 29184K, used 29094K [0x00000000d5580000, 0x00000000d7680000, 0x0000000100000000)
  eden space 26112K, 100% used [0x00000000d5580000,0x00000000d6f00000,0x00000000d6f00000)
  from space 3072K, 97% used [0x00000000d6f00000,0x00000000d71e99b8,0x00000000d7200000)
  to   space 3584K, 0% used [0x00000000d7300000,0x00000000d7300000,0x00000000d7680000)
 ParOldGen       total 116736K, used 116662K [0x0000000080000000, 0x0000000087200000, 0x00000000d5580Event: 177.324 {heap After GC invocations=53 (full 3):
 PSYoungGen      total 30720K, used 2797K [0x00000000d5580000, 0x00000000d7680000, 0x0000000100000000)
  eden space 27136K, 0% used [0x00000000d5580000,0x00000000d5580000,0x00000000d7000000)
  from space 3584K, 78% used [0x00000000d7300000,0x00000000d75bb798,0x00000000d7680000)
  to   space 3072K, 0% used [0x00000000d7000000,0x00000000d7000000,0x00000000d7300000)
 ParOldGen       total 119808K, used 119460K [0x0000000080000000, 0x0000000087500000, 0x00000000d5580000)Event: 177.831 {heap Before GC invocations=54 (full 3):
 PSYoungGen      total 30720K, used 29933K [0x00000000d5580000, 0x00000000d7680000, 0x0000000100000000)
  eden space 27136K, 100% used [0x00000000d5580000,0x00000000d7000000,0x00000000d7000000)
  from space 3584K, 78% used [0x00000000d7300000,0x00000000d75bb798,0x00000000d7680000)
  to   space 3072K, 0% used [0x00000000d7000000,0x00000000d7000000,0x00000000d7300000)
 ParOldGen       total 119808K, used 119460K [0x0000000080000000, 0x0000000087500000, 0x00000000d5580Event: 177.837 {heap After GC invocations=54 (full 3):
 PSYoungGen      total 30208K, used 1979K [0x00000000d5580000, 0x00000000d7680000, 0x0000000100000000)
  eden space 27136K, 0% used [0x00000000d5580000,0x00000000d5580000,0x00000000d7000000)
  from space 3072K, 64% used [0x00000000d7000000,0x00000000d71eef88,0x00000000d7300000)
  to   space 2560K, 0% used [0x00000000d7400000,0x00000000d7400000,0x00000000d7680000)
 ParOldGen       total 122368K, used 122080K [0x0000000080000000, 0x0000000087780000, 0x00000000d5580000)Event: 178.005 {heap Before GC invocations=55 (full 3):
 PSYoungGen      total 30208K, used 29115K [0x00000000d5580000, 0x00000000d7680000, 0x0000000100000000)
  eden space 27136K, 100% used [0x00000000d5580000,0x00000000d7000000,0x00000000d7000000)
  from space 3072K, 64% used [0x00000000d7000000,0x00000000d71eef88,0x00000000d7300000)
  to   space 2560K, 0% used [0x00000000d7400000,0x00000000d7400000,0x00000000d7680000)
 ParOldGen       total 122368K, used 122080K [0x0000000080000000, 0x0000000087780000, 0x00000000d5580Event: 178.010 {heap After GC invocations=55 (full 3):
 PSYoungGen      total 28672K, used 2552K [0x00000000d5580000, 0x00000000d7980000, 0x0000000100000000)
  eden space 26112K, 0% used [0x00000000d5580000,0x00000000d5580000,0x00000000d6f00000)
  from space 2560K, 99% used [0x00000000d7400000,0x00000000d767e290,0x00000000d7680000)
  to   space 5120K, 0% used [0x00000000d6f00000,0x00000000d6f00000,0x00000000d7400000)
 ParOldGen       total 124416K, used 124052K [0x0000000080000000, 0x0000000087980000, 0x00000000d5580000)Event: 178.212 {heap Before GC invocations=56 (full 3):
 PSYoungGen      total 28672K, used 28664K [0x00000000d5580000, 0x00000000d7980000, 0x0000000100000000)
  eden space 26112K, 100% used [0x00000000d5580000,0x00000000d6f00000,0x00000000d6f00000)
  from space 2560K, 99% used [0x00000000d7400000,0x00000000d767e290,0x00000000d7680000)
  to   space 5120K, 0% used [0x00000000d6f00000,0x00000000d6f00000,0x00000000d7400000)
 ParOldGen       total 124416K, used 124052K [0x0000000080000000, 0x0000000087980000, 0x00000000d5580Event: 178.218 {heap After GC invocations=56 (full 3):
 PSYoungGen      total 28672K, used 2539K [0x00000000d5580000, 0x00000000d7680000, 0x0000000100000000)
  eden space 26112K, 0% used [0x00000000d5580000,0x00000000d5580000,0x00000000d6f00000)
  from space 2560K, 99% used [0x00000000d6f00000,0x00000000d717ad28,0x00000000d7180000)
  to   space 3584K, 0% used [0x00000000d7300000,0x00000000d7300000,0x00000000d7680000)
 ParOldGen       total 126976K, used 126589K [0x0000000080000000, 0x0000000087c00000, 0x00000000d5580000)Event: 178.495 {heap Before GC invocations=57 (full 3):
 PSYoungGen      total 28672K, used 28651K [0x00000000d5580000, 0x00000000d7680000, 0x0000000100000000)
  eden space 26112K, 100% used [0x00000000d5580000,0x00000000d6f00000,0x00000000d6f00000)
  from space 2560K, 99% used [0x00000000d6f00000,0x00000000d717ad28,0x00000000d7180000)
  to   space 3584K, 0% used [0x00000000d7300000,0x00000000d7300000,0x00000000d7680000)
 ParOldGen       total 126976K, used 126589K [0x0000000080000000, 0x0000000087c00000, 0x00000000d5580Event: 178.505 {heap After GC invocations=57 (full 3):
 PSYoungGen      total 30720K, used 2759K [0x00000000d5580000, 0x00000000d7680000, 0x0000000100000000)
  eden space 27136K, 0% used [0x00000000d5580000,0x00000000d5580000,0x00000000d7000000)
  from space 3584K, 77% used [0x00000000d7300000,0x00000000d75b1f60,0x00000000d7680000)
  to   space 3072K, 0% used [0x00000000d7000000,0x00000000d7000000,0x00000000d7300000)
 ParOldGen       total 129536K, used 129051K [0x0000000080000000, 0x0000000087e80000, 0x00000000d5580000)Event: 178.754 {heap Before GC invocations=58 (full 3):
 PSYoungGen      total 30720K, used 29895K [0x00000000d5580000, 0x00000000d7680000, 0x0000000100000000)
  eden space 27136K, 100% used [0x00000000d5580000,0x00000000d7000000,0x00000000d7000000)
  from space 3584K, 77% used [0x00000000d7300000,0x00000000d75b1f60,0x00000000d7680000)
  to   space 3072K, 0% used [0x00000000d7000000,0x00000000d7000000,0x00000000d7300000)
 ParOldGen       total 129536K, used 129051K [0x0000000080000000, 0x0000000087e80000, 0x00000000d5580Event: 178.762 {heap After GC invocations=58 (full 3):
 PSYoungGen      total 30208K, used 2186K [0x00000000d5580000, 0x00000000d7680000, 0x0000000100000000)
  eden space 27136K, 0% used [0x00000000d5580000,0x00000000d5580000,0x00000000d7000000)
  from space 3072K, 71% used [0x00000000d7000000,0x00000000d7222a88,0x00000000d7300000)
  to   space 2560K, 0% used [0x00000000d7400000,0x00000000d7400000,0x00000000d7680000)
 ParOldGen       total 132096K, used 131715K [0x0000000080000000, 0x0000000088100000, 0x00000000d5580000)Event: 179.237 {heap Before GC invocations=59 (full 3):
 PSYoungGen      total 30208K, used 29322K [0x00000000d5580000, 0x00000000d7680000, 0x0000000100000000)
  eden space 27136K, 100% used [0x00000000d5580000,0x00000000d7000000,0x00000000d7000000)
  from space 3072K, 71% used [0x00000000d7000000,0x00000000d7222a88,0x00000000d7300000)
  to   space 2560K, 0% used [0x00000000d7400000,0x00000000d7400000,0x00000000d7680000)
 ParOldGen       total 132096K, used 131715K [0x0000000080000000, 0x0000000088100000, 0x00000000d5580Event: 179.245 {heap After GC invocations=59 (full 3):
 PSYoungGen      total 27136K, used 2544K [0x00000000d5580000, 0x00000000d7c80000, 0x0000000100000000)
  eden space 24576K, 0% used [0x00000000d5580000,0x00000000d5580000,0x00000000d6d80000)
  from space 2560K, 99% used [0x00000000d7400000,0x00000000d767c2f0,0x00000000d7680000)
  to   space 6656K, 0% used [0x00000000d6d80000,0x00000000d6d80000,0x00000000d7400000)
 ParOldGen       total 135168K, used 134946K [0x0000000080000000, 0x0000000088400000, 0x00000000d5580000)Event: 179.603 {heap Before GC invocations=60 (full 3):
 PSYoungGen      total 27136K, used 27120K [0x00000000d5580000, 0x00000000d7c80000, 0x0000000100000000)
  eden space 24576K, 100% used [0x00000000d5580000,0x00000000d6d80000,0x00000000d6d80000)
  from space 2560K, 99% used [0x00000000d7400000,0x00000000d767c2f0,0x00000000d7680000)
  to   space 6656K, 0% used [0x00000000d6d80000,0x00000000d6d80000,0x00000000d7400000)
 ParOldGen       total 135168K, used 134946K [0x0000000080000000, 0x0000000088400000, 0x00000000d5580Event: 179.613 {heap After GC invocations=60 (full 3):
 PSYoungGen      total 30208K, used 5836K [0x00000000d5580000, 0x00000000d7900000, 0x0000000100000000)
  eden space 24064K, 0% used [0x00000000d5580000,0x00000000d5580000,0x00000000d6d00000)
  from space 6144K, 95% used [0x00000000d6d80000,0x00000000d7333390,0x00000000d7380000)
  to   space 5632K, 0% used [0x00000000d7380000,0x00000000d7380000,0x00000000d7900000)
 ParOldGen       total 137728K, used 137353K [0x0000000080000000, 0x0000000088680000, 0x00000000d5580000)Event: 179.835 {heap Before GC invocations=61 (full 3):
 PSYoungGen      total 30208K, used 29900K [0x00000000d5580000, 0x00000000d7900000, 0x0000000100000000)
  eden space 24064K, 100% used [0x00000000d5580000,0x00000000d6d00000,0x00000000d6d00000)
  from space 6144K, 95% used [0x00000000d6d80000,0x00000000d7333390,0x00000000d7380000)
  to   space 5632K, 0% used [0x00000000d7380000,0x00000000d7380000,0x00000000d7900000)
 ParOldGen       total 137728K, used 137353K [0x0000000080000000, 0x0000000088680000, 0x00000000d5580Event: 179.854 {heap After GC invocations=61 (full 3):
 PSYoungGen      total 28672K, used 2981K [0x00000000d5580000, 0x00000000d7680000, 0x0000000100000000)
  eden space 25600K, 0% used [0x00000000d5580000,0x00000000d5580000,0x00000000d6e80000)
  from space 3072K, 97% used [0x00000000d7380000,0x00000000d76696b8,0x00000000d7680000)
  to   space 4096K, 0% used [0x00000000d6e80000,0x00000000d6e80000,0x00000000d7280000)
 ParOldGen       total 143360K, used 143041K [0x0000000080000000, 0x0000000088c00000, 0x00000000d5580000)
Metaspace Usage History (20 events):
Event: 176.735 {metaspace Before GC invocations=52 (full 3):
 Metaspace       used 66725K, committed 67968K, reserved 1114112K
  class space    used 5947K, committed 6528K, reserved 1048576K
}
Event: 176.765 {metaspace After GC invocations=52 (full 3):
 Metaspace       used 66725K, committed 67968K, reserved 1114112K
  class space    used 5947K, committed 6528K, reserved 1048576K
}
Event: 177.315 {metaspace Before GC invocations=53 (full 3):
 Metaspace       used 66728K, committed 67968K, reserved 1114112K
  class space    used 5947K, committed 6528K, reserved 1048576K
}
Event: 177.324 {metaspace After GC invocations=53 (full 3):
 Metaspace       used 66728K, committed 67968K, reserved 1114112K
  class space    used 5947K, committed 6528K, reserved 1048576K
}
Event: 177.831 {metaspace Before GC invocations=54 (full 3):
 Metaspace       used 66730K, committed 67968K, reserved 1114112K
  class space    used 5947K, committed 6528K, reserved 1048576K
}
Event: 177.837 {metaspace After GC invocations=54 (full 3):
 Metaspace       used 66730K, committed 67968K, reserved 1114112K
  class space    used 5947K, committed 6528K, reserved 1048576K
}
Event: 178.005 {metaspace Before GC invocations=55 (full 3):
 Metaspace       used 66730K, committed 67968K, reserved 1114112K
  class space    used 5947K, committed 6528K, reserved 1048576K
}
Event: 178.010 {metaspace After GC invocations=55 (full 3):
 Metaspace       used 66730K, committed 67968K, reserved 1114112K
  class space    used 5947K, committed 6528K, reserved 1048576K
}
Event: 178.212 {metaspace Before GC invocations=56 (full 3):
 Metaspace       used 66730K, committed 67968K, reserved 1114112K
  class space    used 5947K, committed 6528K, reserved 1048576K
}
Event: 178.218 {metaspace After GC invocations=56 (full 3):
 Metaspace       used 66730K, committed 67968K, reserved 1114112K
  class space    used 5947K, committed 6528K, reserved 1048576K
}
Event: 178.495 {metaspace Before GC invocations=57 (full 3):
 Metaspace       used 66737K, committed 67968K, reserved 1114112K
  class space    used 5947K, committed 6528K, reserved 1048576K
}
Event: 178.505 {metaspace After GC invocations=57 (full 3):
 Metaspace       used 66737K, committed 67968K, reserved 1114112K
  class space    used 5947K, committed 6528K, reserved 1048576K
}
Event: 178.754 {metaspace Before GC invocations=58 (full 3):
 Metaspace       used 66744K, committed 67968K, reserved 1114112K
  class space    used 5947K, committed 6528K, reserved 1048576K
}
Event: 178.762 {metaspace After GC invocations=58 (full 3):
 Metaspace       used 66744K, committed 67968K, reserved 1114112K
  class space    used 5947K, committed 6528K, reserved 1048576K
}
Event: 179.237 {metaspace Before GC invocations=59 (full 3):
 Metaspace       used 66777K, committed 68032K, reserved 1114112K
  class space    used 5952K, committed 6528K, reserved 1048576K
}
Event: 179.245 {metaspace After GC invocations=59 (full 3):
 Metaspace       used 66777K, committed 68032K, reserved 1114112K
  class space    used 5952K, committed 6528K, reserved 1048576K
}
Event: 179.603 {metaspace Before GC invocations=60 (full 3):
 Metaspace       used 66837K, committed 68096K, reserved 1114112K
  class space    used 5957K, committed 6528K, reserved 1048576K
}
Event: 179.613 {metaspace After GC invocations=60 (full 3):
 Metaspace       used 66837K, committed 68096K, reserved 1114112K
  class space    used 5957K, committed 6528K, reserved 1048576K
}
Event: 179.835 {metaspace Before GC invocations=61 (full 3):
 Metaspace       used 66854K, committed 68096K, reserved 1114112K
  class space    used 5957K, committed 6528K, reserved 1048576K
}
Event: 179.854 {metaspace After GC invocations=61 (full 3):
 Metaspace       used 66854K, committed 68096K, reserved 1114112K
  class space    used 5957K, committed 6528K, reserved 1048576K
}

